0 verbose cli [
0 verbose cli   'C:\\Program Files\\nodejs\\node.exe',
0 verbose cli   'C:\\Program Files\\nodejs\\node_modules\\npm\\bin\\npm-cli.js',
0 verbose cli   'run',
0 verbose cli   'built'
0 verbose cli ]
1 info using npm@8.3.0
2 info using node@v17.3.0
3 timing npm:load:whichnode Completed in 0ms
4 timing config:load:defaults Completed in 1ms
5 timing config:load:file:C:\Program Files\nodejs\node_modules\npm\npmrc Completed in 2ms
6 timing config:load:builtin Completed in 3ms
7 timing config:load:cli Completed in 1ms
8 timing config:load:env Completed in 1ms
9 timing config:load:file:F:\bootstrap-react(Youtube practise)\.npmrc Completed in 0ms
10 timing config:load:project Completed in 2ms
11 timing config:load:file:C:\Users\prath\.npmrc Completed in 0ms
12 timing config:load:user Completed in 0ms
13 timing config:load:file:C:\Users\prath\AppData\Roaming\npm\etc\npmrc Completed in 0ms
14 timing config:load:global Completed in 0ms
15 timing config:load:validate Completed in 1ms
16 timing config:load:credentials Completed in 1ms
17 timing config:load:setEnvs Completed in 0ms
18 timing config:load Completed in 10ms
19 timing npm:load:configload Completed in 10ms
20 timing npm:load:setTitle Completed in 1ms
21 timing config:load:flatten Completed in 2ms
22 timing npm:load:display Completed in 3ms
23 verbose logfile C:\Users\prath\AppData\Local\npm-cache\_logs\2022-01-12T18_48_34_285Z-debug-0.log
24 timing npm:load:logFile Completed in 5ms
25 timing npm:load:timers Completed in 0ms
26 timing npm:load:configScope Completed in 0ms
27 timing npm:load Completed in 20ms
28 silly logfile start cleaning logs, removing 2 files
29 timing command:run Completed in 4ms
30 verbose stack Error: Missing script: "built"
30 verbose stack
30 verbose stack Did you mean this?
30 verbose stack     npm run build # run the "build" package script
30 verbose stack
30 verbose stack To see a list of scripts, run:
30 verbose stack   npm run
30 verbose stack     at RunScript.run (C:\Program Files\nodejs\node_modules\npm\lib\commands\run-script.js:95:13)
30 verbose stack     at async module.exports (C:\Program Files\nodejs\node_modules\npm\lib\cli.js:66:5)
31 verbose cwd F:\bootstrap-react(Youtube practise)
32 verbose Windows_NT 10.0.19043
33 verbose argv "C:\\Program Files\\nodejs\\node.exe" "C:\\Program Files\\nodejs\\node_modules\\npm\\bin\\npm-cli.js" "run" "built"
34 verbose node v17.3.0
35 verbose npm  v8.3.0
36 error Missing script: "built"
36 error
36 error Did you mean this?
36 error     npm run build # run the "build" package script
36 error
36 error To see a list of scripts, run:
36 error   npm run
37 verbose exit 1
38 timing npm Completed in 203ms
39 verbose code 1
40 error A complete log of this run can be found in:
40 error     C:\Users\prath\AppData\Local\npm-cache\_logs\2022-01-12T18_48_34_285Z-debug-0.log
